2020-09-06 23:40:37,273 - pyswarms.single.local_best - INFO - Optimize for 4 iters with {'c1': 0.5, 'c2': 0.3, 'w': 0.9, 'k': 3, 'p': 2}
2020-09-06 23:41:40,224 - pyswarms.single.local_best - INFO - Optimize for 4 iters with {'c1': 0.5, 'c2': 0.3, 'w': 0.9, 'k': 3, 'p': 2}
2020-09-07 00:25:40,312 - pyswarms.single.local_best - INFO - Optimize for 4 iters with {'c1': 0.5, 'c2': 0.3, 'w': 0.9, 'k': 3, 'p': 2}
2020-09-07 00:29:59,422 - pyswarms.single.local_best - INFO - Optimize for 4 iters with {'c1': 0.5, 'c2': 0.3, 'w': 0.9, 'k': 3, 'p': 2}
2020-09-07 00:42:19,699 - pyswarms.single.local_best - INFO - Optimize for 4 iters with {'c1': 0.5, 'c2': 0.3, 'w': 0.9, 'k': 3, 'p': 2}
2020-09-09 01:16:40,978 - matplotlib.category - INFO - Using categorical units to plot a list of strings that are all parsable as floats or dates. If these strings should be plotted as numbers, cast to the appropriate data type before plotting.
2020-09-09 01:16:41,286 - matplotlib.category - INFO - Using categorical units to plot a list of strings that are all parsable as floats or dates. If these strings should be plotted as numbers, cast to the appropriate data type before plotting.
2020-09-09 01:16:41,492 - matplotlib.category - INFO - Using categorical units to plot a list of strings that are all parsable as floats or dates. If these strings should be plotted as numbers, cast to the appropriate data type before plotting.
2020-09-09 01:16:41,646 - matplotlib.category - INFO - Using categorical units to plot a list of strings that are all parsable as floats or dates. If these strings should be plotted as numbers, cast to the appropriate data type before plotting.
2020-09-09 01:16:41,665 - matplotlib.category - INFO - Using categorical units to plot a list of strings that are all parsable as floats or dates. If these strings should be plotted as numbers, cast to the appropriate data type before plotting.
2020-09-09 01:16:41,670 - matplotlib.category - INFO - Using categorical units to plot a list of strings that are all parsable as floats or dates. If these strings should be plotted as numbers, cast to the appropriate data type before plotting.
2020-09-09 01:16:41,677 - matplotlib.category - INFO - Using categorical units to plot a list of strings that are all parsable as floats or dates. If these strings should be plotted as numbers, cast to the appropriate data type before plotting.
2020-09-09 01:18:29,911 - matplotlib.category - INFO - Using categorical units to plot a list of strings that are all parsable as floats or dates. If these strings should be plotted as numbers, cast to the appropriate data type before plotting.
2020-09-09 01:18:29,915 - matplotlib.category - INFO - Using categorical units to plot a list of strings that are all parsable as floats or dates. If these strings should be plotted as numbers, cast to the appropriate data type before plotting.
2020-09-09 01:18:29,919 - matplotlib.category - INFO - Using categorical units to plot a list of strings that are all parsable as floats or dates. If these strings should be plotted as numbers, cast to the appropriate data type before plotting.
2020-09-09 01:18:29,923 - matplotlib.category - INFO - Using categorical units to plot a list of strings that are all parsable as floats or dates. If these strings should be plotted as numbers, cast to the appropriate data type before plotting.
2020-09-09 01:18:29,925 - matplotlib.category - INFO - Using categorical units to plot a list of strings that are all parsable as floats or dates. If these strings should be plotted as numbers, cast to the appropriate data type before plotting.
2020-09-09 01:18:29,929 - matplotlib.category - INFO - Using categorical units to plot a list of strings that are all parsable as floats or dates. If these strings should be plotted as numbers, cast to the appropriate data type before plotting.
2020-09-09 01:18:29,931 - matplotlib.category - INFO - Using categorical units to plot a list of strings that are all parsable as floats or dates. If these strings should be plotted as numbers, cast to the appropriate data type before plotting.
2020-09-09 01:18:56,756 - matplotlib.category - INFO - Using categorical units to plot a list of strings that are all parsable as floats or dates. If these strings should be plotted as numbers, cast to the appropriate data type before plotting.
2020-09-09 01:18:56,759 - matplotlib.category - INFO - Using categorical units to plot a list of strings that are all parsable as floats or dates. If these strings should be plotted as numbers, cast to the appropriate data type before plotting.
2020-09-09 01:18:56,763 - matplotlib.category - INFO - Using categorical units to plot a list of strings that are all parsable as floats or dates. If these strings should be plotted as numbers, cast to the appropriate data type before plotting.
2020-09-09 01:18:56,765 - matplotlib.category - INFO - Using categorical units to plot a list of strings that are all parsable as floats or dates. If these strings should be plotted as numbers, cast to the appropriate data type before plotting.
2020-09-09 01:18:56,771 - matplotlib.category - INFO - Using categorical units to plot a list of strings that are all parsable as floats or dates. If these strings should be plotted as numbers, cast to the appropriate data type before plotting.
2020-09-09 01:18:56,773 - matplotlib.category - INFO - Using categorical units to plot a list of strings that are all parsable as floats or dates. If these strings should be plotted as numbers, cast to the appropriate data type before plotting.
2020-09-09 01:18:56,776 - matplotlib.category - INFO - Using categorical units to plot a list of strings that are all parsable as floats or dates. If these strings should be plotted as numbers, cast to the appropriate data type before plotting.
2020-09-09 01:20:27,211 - matplotlib.category - INFO - Using categorical units to plot a list of strings that are all parsable as floats or dates. If these strings should be plotted as numbers, cast to the appropriate data type before plotting.
2020-09-09 01:20:27,216 - matplotlib.category - INFO - Using categorical units to plot a list of strings that are all parsable as floats or dates. If these strings should be plotted as numbers, cast to the appropriate data type before plotting.
2020-09-09 01:20:27,219 - matplotlib.category - INFO - Using categorical units to plot a list of strings that are all parsable as floats or dates. If these strings should be plotted as numbers, cast to the appropriate data type before plotting.
2020-09-09 01:20:27,222 - matplotlib.category - INFO - Using categorical units to plot a list of strings that are all parsable as floats or dates. If these strings should be plotted as numbers, cast to the appropriate data type before plotting.
2020-09-09 01:20:27,226 - matplotlib.category - INFO - Using categorical units to plot a list of strings that are all parsable as floats or dates. If these strings should be plotted as numbers, cast to the appropriate data type before plotting.
2020-09-09 01:20:27,228 - matplotlib.category - INFO - Using categorical units to plot a list of strings that are all parsable as floats or dates. If these strings should be plotted as numbers, cast to the appropriate data type before plotting.
2020-12-15 19:22:44,800 - pyswarms.single.local_best - INFO - Optimize for 4 iters with {'c1': 0.5, 'c2': 0.3, 'w': 0.9, 'k': 3, 'p': 2}
2020-12-15 19:41:37,392 - pyswarms.single.local_best - INFO - Optimize for 4 iters with {'c1': 0.5, 'c2': 0.3, 'w': 0.9, 'k': 3, 'p': 2}
2020-12-17 09:38:20,500 - root - INFO - Generating grammar tables from C:\Program Files\Python38\lib\lib2to3\Grammar.txt
2020-12-17 09:38:21,095 - root - INFO - Writing grammar tables to C:\Program Files\Python38\lib\lib2to3\Grammar3.8.6.final.0.pickle
2020-12-17 09:38:21,097 - root - INFO - Writing failed: [Errno 13] Permission denied: 'C:\\Program Files\\Python38\\lib\\lib2to3\\Grammar3.8.6.final.0.pickle'
2020-12-17 09:38:21,099 - root - INFO - Generating grammar tables from C:\Program Files\Python38\lib\lib2to3\PatternGrammar.txt
2020-12-17 09:38:21,104 - root - INFO - Writing grammar tables to C:\Program Files\Python38\lib\lib2to3\PatternGrammar3.8.6.final.0.pickle
2020-12-17 09:38:21,106 - root - INFO - Writing failed: [Errno 13] Permission denied: 'C:\\Program Files\\Python38\\lib\\lib2to3\\PatternGrammar3.8.6.final.0.pickle'
2020-12-17 11:18:09,263 - pyswarms.single.local_best - INFO - Optimize for 4 iters with {'c1': 0.5, 'c2': 0.3, 'w': 0.9, 'k': 3, 'p': 2}
2020-12-17 11:20:10,455 - pyswarms.single.local_best - INFO - Optimize for 4 iters with {'c1': 0.5, 'c2': 0.3, 'w': 0.9, 'k': 3, 'p': 2}
2020-12-17 11:48:41,328 - pyswarms.single.local_best - INFO - Optimize for 4 iters with {'c1': 0.5, 'c2': 0.3, 'w': 0.9, 'k': 3, 'p': 2}
2020-12-17 11:51:49,249 - pyswarms.single.local_best - INFO - Optimize for 4 iters with {'c1': 0.5, 'c2': 0.3, 'w': 0.9, 'k': 3, 'p': 2}
